0 info it worked if it ends with ok
1 verbose cli [ '/usr/local/bin/node',
1 verbose cli   '/usr/local/bin/npm',
1 verbose cli   'run',
1 verbose cli   'regression' ]
2 info using npm@3.10.9
3 info using node@v6.9.1
4 verbose run-script [ 'preregression', 'regression', 'postregression' ]
5 info lifecycle webdriverio-browserstack@0.1.0~preregression: webdriverio-browserstack@0.1.0
6 silly lifecycle webdriverio-browserstack@0.1.0~preregression: no script for preregression, continuing
7 info lifecycle webdriverio-browserstack@0.1.0~regression: webdriverio-browserstack@0.1.0
8 verbose lifecycle webdriverio-browserstack@0.1.0~regression: unsafe-perm in lifecycle true
9 verbose lifecycle webdriverio-browserstack@0.1.0~regression: PATH: /usr/local/lib/node_modules/npm/bin/node-gyp-bin:/Users/ManvinderVerma/finder-browserstack/node_modules/.bin:/usr/local/bin:/usr/bin:/bin:/usr/sbin:/sbin:/Users/ManvinderVerma/dev/bin
10 verbose lifecycle webdriverio-browserstack@0.1.0~regression: CWD: /Users/ManvinderVerma/finder-browserstack
11 silly lifecycle webdriverio-browserstack@0.1.0~regression: Args: [ '-c', 'wdio conf/regression.conf.js' ]
12 silly lifecycle webdriverio-browserstack@0.1.0~regression: Returned: code: 1  signal: null
13 info lifecycle webdriverio-browserstack@0.1.0~regression: Failed to exec regression script
14 verbose stack Error: webdriverio-browserstack@0.1.0 regression: `wdio conf/regression.conf.js`
14 verbose stack Exit status 1
14 verbose stack     at EventEmitter.<anonymous> (/usr/local/lib/node_modules/npm/lib/utils/lifecycle.js:255:16)
14 verbose stack     at emitTwo (events.js:106:13)
14 verbose stack     at EventEmitter.emit (events.js:191:7)
14 verbose stack     at ChildProcess.<anonymous> (/usr/local/lib/node_modules/npm/lib/utils/spawn.js:40:14)
14 verbose stack     at emitTwo (events.js:106:13)
14 verbose stack     at ChildProcess.emit (events.js:191:7)
14 verbose stack     at maybeClose (internal/child_process.js:877:16)
14 verbose stack     at Process.ChildProcess._handle.onexit (internal/child_process.js:226:5)
15 verbose pkgid webdriverio-browserstack@0.1.0
16 verbose cwd /Users/ManvinderVerma/finder-browserstack
17 error Darwin 14.5.0
18 error argv "/usr/local/bin/node" "/usr/local/bin/npm" "run" "regression"
19 error node v6.9.1
20 error npm  v3.10.9
21 error code ELIFECYCLE
22 error webdriverio-browserstack@0.1.0 regression: `wdio conf/regression.conf.js`
22 error Exit status 1
23 error Failed at the webdriverio-browserstack@0.1.0 regression script 'wdio conf/regression.conf.js'.
23 error Make sure you have the latest version of node.js and npm installed.
23 error If you do, this is most likely a problem with the webdriverio-browserstack package,
23 error not with npm itself.
23 error Tell the author that this fails on your system:
23 error     wdio conf/regression.conf.js
23 error You can get information on how to open an issue for this project with:
23 error     npm bugs webdriverio-browserstack
23 error Or if that isn't available, you can get their info via:
23 error     npm owner ls webdriverio-browserstack
23 error There is likely additional logging output above.
24 verbose exit [ 1, true ]
